[2023-12-30T06:48:45.678+0000] {processor.py:161} INFO - Started process (PID=3983) to work on /opt/airflow/dags/import_data_to_neo4j.py
[2023-12-30T06:48:45.680+0000] {processor.py:830} INFO - Processing file /opt/airflow/dags/import_data_to_neo4j.py for tasks to queue
[2023-12-30T06:48:45.681+0000] {logging_mixin.py:188} INFO - [2023-12-30T06:48:45.681+0000] {dagbag.py:538} INFO - Filling up the DagBag from /opt/airflow/dags/import_data_to_neo4j.py
[2023-12-30T06:48:45.869+0000] {processor.py:840} INFO - DAG(s) 'import_data_to_neo4j' retrieved from /opt/airflow/dags/import_data_to_neo4j.py
[2023-12-30T06:48:45.886+0000] {logging_mixin.py:188} INFO - [2023-12-30T06:48:45.886+0000] {dag.py:3033} INFO - Sync 1 DAGs
[2023-12-30T06:48:45.892+0000] {logging_mixin.py:188} INFO - [2023-12-30T06:48:45.892+0000] {dag.py:3820} INFO - Setting next_dagrun for import_data_to_neo4j to None, run_after=None
[2023-12-30T06:48:45.901+0000] {processor.py:183} INFO - Processing /opt/airflow/dags/import_data_to_neo4j.py took 0.231 seconds
[2023-12-30T06:49:16.199+0000] {processor.py:161} INFO - Started process (PID=4000) to work on /opt/airflow/dags/import_data_to_neo4j.py
[2023-12-30T06:49:16.200+0000] {processor.py:830} INFO - Processing file /opt/airflow/dags/import_data_to_neo4j.py for tasks to queue
[2023-12-30T06:49:16.201+0000] {logging_mixin.py:188} INFO - [2023-12-30T06:49:16.200+0000] {dagbag.py:538} INFO - Filling up the DagBag from /opt/airflow/dags/import_data_to_neo4j.py
[2023-12-30T06:49:16.398+0000] {processor.py:840} INFO - DAG(s) 'import_data_to_neo4j' retrieved from /opt/airflow/dags/import_data_to_neo4j.py
[2023-12-30T06:49:16.416+0000] {logging_mixin.py:188} INFO - [2023-12-30T06:49:16.415+0000] {dag.py:3033} INFO - Sync 1 DAGs
[2023-12-30T06:49:16.423+0000] {logging_mixin.py:188} INFO - [2023-12-30T06:49:16.423+0000] {dag.py:3820} INFO - Setting next_dagrun for import_data_to_neo4j to None, run_after=None
[2023-12-30T06:49:16.432+0000] {processor.py:183} INFO - Processing /opt/airflow/dags/import_data_to_neo4j.py took 0.236 seconds
[2023-12-30T06:49:46.547+0000] {processor.py:161} INFO - Started process (PID=4017) to work on /opt/airflow/dags/import_data_to_neo4j.py
[2023-12-30T06:49:46.548+0000] {processor.py:830} INFO - Processing file /opt/airflow/dags/import_data_to_neo4j.py for tasks to queue
[2023-12-30T06:49:46.549+0000] {logging_mixin.py:188} INFO - [2023-12-30T06:49:46.549+0000] {dagbag.py:538} INFO - Filling up the DagBag from /opt/airflow/dags/import_data_to_neo4j.py
[2023-12-30T06:49:46.759+0000] {processor.py:840} INFO - DAG(s) 'import_data_to_neo4j' retrieved from /opt/airflow/dags/import_data_to_neo4j.py
[2023-12-30T06:49:46.779+0000] {logging_mixin.py:188} INFO - [2023-12-30T06:49:46.778+0000] {dag.py:3033} INFO - Sync 1 DAGs
[2023-12-30T06:49:46.788+0000] {logging_mixin.py:188} INFO - [2023-12-30T06:49:46.788+0000] {dag.py:3820} INFO - Setting next_dagrun for import_data_to_neo4j to None, run_after=None
[2023-12-30T06:49:46.798+0000] {processor.py:183} INFO - Processing /opt/airflow/dags/import_data_to_neo4j.py took 0.254 seconds
[2023-12-30T06:50:16.876+0000] {processor.py:161} INFO - Started process (PID=4034) to work on /opt/airflow/dags/import_data_to_neo4j.py
[2023-12-30T06:50:16.877+0000] {processor.py:830} INFO - Processing file /opt/airflow/dags/import_data_to_neo4j.py for tasks to queue
[2023-12-30T06:50:16.878+0000] {logging_mixin.py:188} INFO - [2023-12-30T06:50:16.877+0000] {dagbag.py:538} INFO - Filling up the DagBag from /opt/airflow/dags/import_data_to_neo4j.py
[2023-12-30T06:50:17.086+0000] {processor.py:840} INFO - DAG(s) 'import_data_to_neo4j' retrieved from /opt/airflow/dags/import_data_to_neo4j.py
[2023-12-30T06:50:17.105+0000] {logging_mixin.py:188} INFO - [2023-12-30T06:50:17.104+0000] {dag.py:3033} INFO - Sync 1 DAGs
[2023-12-30T06:50:17.111+0000] {logging_mixin.py:188} INFO - [2023-12-30T06:50:17.111+0000] {dag.py:3820} INFO - Setting next_dagrun for import_data_to_neo4j to None, run_after=None
[2023-12-30T06:50:17.121+0000] {processor.py:183} INFO - Processing /opt/airflow/dags/import_data_to_neo4j.py took 0.248 seconds
[2023-12-30T06:50:47.192+0000] {processor.py:161} INFO - Started process (PID=4048) to work on /opt/airflow/dags/import_data_to_neo4j.py
[2023-12-30T06:50:47.193+0000] {processor.py:830} INFO - Processing file /opt/airflow/dags/import_data_to_neo4j.py for tasks to queue
[2023-12-30T06:50:47.194+0000] {logging_mixin.py:188} INFO - [2023-12-30T06:50:47.194+0000] {dagbag.py:538} INFO - Filling up the DagBag from /opt/airflow/dags/import_data_to_neo4j.py
[2023-12-30T06:50:47.436+0000] {processor.py:840} INFO - DAG(s) 'import_data_to_neo4j' retrieved from /opt/airflow/dags/import_data_to_neo4j.py
[2023-12-30T06:50:47.459+0000] {logging_mixin.py:188} INFO - [2023-12-30T06:50:47.458+0000] {dag.py:3033} INFO - Sync 1 DAGs
[2023-12-30T06:50:47.467+0000] {logging_mixin.py:188} INFO - [2023-12-30T06:50:47.467+0000] {dag.py:3820} INFO - Setting next_dagrun for import_data_to_neo4j to None, run_after=None
[2023-12-30T06:50:47.479+0000] {processor.py:183} INFO - Processing /opt/airflow/dags/import_data_to_neo4j.py took 0.290 seconds
[2023-12-30T06:51:18.045+0000] {processor.py:161} INFO - Started process (PID=4065) to work on /opt/airflow/dags/import_data_to_neo4j.py
[2023-12-30T06:51:18.047+0000] {processor.py:830} INFO - Processing file /opt/airflow/dags/import_data_to_neo4j.py for tasks to queue
[2023-12-30T06:51:18.048+0000] {logging_mixin.py:188} INFO - [2023-12-30T06:51:18.047+0000] {dagbag.py:538} INFO - Filling up the DagBag from /opt/airflow/dags/import_data_to_neo4j.py
[2023-12-30T06:51:18.513+0000] {processor.py:840} INFO - DAG(s) 'import_data_to_neo4j' retrieved from /opt/airflow/dags/import_data_to_neo4j.py
[2023-12-30T06:51:18.570+0000] {logging_mixin.py:188} INFO - [2023-12-30T06:51:18.570+0000] {dag.py:3033} INFO - Sync 1 DAGs
[2023-12-30T06:51:18.589+0000] {logging_mixin.py:188} INFO - [2023-12-30T06:51:18.589+0000] {dag.py:3820} INFO - Setting next_dagrun for import_data_to_neo4j to None, run_after=None
[2023-12-30T06:51:18.666+0000] {processor.py:183} INFO - Processing /opt/airflow/dags/import_data_to_neo4j.py took 0.625 seconds
[2023-12-30T06:51:49.114+0000] {processor.py:161} INFO - Started process (PID=4082) to work on /opt/airflow/dags/import_data_to_neo4j.py
[2023-12-30T06:51:49.116+0000] {processor.py:830} INFO - Processing file /opt/airflow/dags/import_data_to_neo4j.py for tasks to queue
[2023-12-30T06:51:49.118+0000] {logging_mixin.py:188} INFO - [2023-12-30T06:51:49.117+0000] {dagbag.py:538} INFO - Filling up the DagBag from /opt/airflow/dags/import_data_to_neo4j.py
[2023-12-30T06:51:49.467+0000] {processor.py:840} INFO - DAG(s) 'import_data_to_neo4j' retrieved from /opt/airflow/dags/import_data_to_neo4j.py
[2023-12-30T06:51:49.508+0000] {logging_mixin.py:188} INFO - [2023-12-30T06:51:49.508+0000] {dag.py:3033} INFO - Sync 1 DAGs
[2023-12-30T06:51:49.520+0000] {logging_mixin.py:188} INFO - [2023-12-30T06:51:49.519+0000] {dag.py:3820} INFO - Setting next_dagrun for import_data_to_neo4j to None, run_after=None
[2023-12-30T06:51:49.532+0000] {processor.py:183} INFO - Processing /opt/airflow/dags/import_data_to_neo4j.py took 0.424 seconds
[2023-12-30T06:52:19.961+0000] {processor.py:161} INFO - Started process (PID=4099) to work on /opt/airflow/dags/import_data_to_neo4j.py
[2023-12-30T06:52:19.963+0000] {processor.py:830} INFO - Processing file /opt/airflow/dags/import_data_to_neo4j.py for tasks to queue
[2023-12-30T06:52:19.964+0000] {logging_mixin.py:188} INFO - [2023-12-30T06:52:19.963+0000] {dagbag.py:538} INFO - Filling up the DagBag from /opt/airflow/dags/import_data_to_neo4j.py
[2023-12-30T06:52:20.224+0000] {processor.py:840} INFO - DAG(s) 'import_data_to_neo4j' retrieved from /opt/airflow/dags/import_data_to_neo4j.py
[2023-12-30T06:52:20.248+0000] {logging_mixin.py:188} INFO - [2023-12-30T06:52:20.248+0000] {dag.py:3033} INFO - Sync 1 DAGs
[2023-12-30T06:52:20.258+0000] {logging_mixin.py:188} INFO - [2023-12-30T06:52:20.258+0000] {dag.py:3820} INFO - Setting next_dagrun for import_data_to_neo4j to None, run_after=None
[2023-12-30T06:52:20.269+0000] {processor.py:183} INFO - Processing /opt/airflow/dags/import_data_to_neo4j.py took 0.311 seconds
[2023-12-30T06:52:50.796+0000] {processor.py:161} INFO - Started process (PID=4116) to work on /opt/airflow/dags/import_data_to_neo4j.py
[2023-12-30T06:52:50.798+0000] {processor.py:830} INFO - Processing file /opt/airflow/dags/import_data_to_neo4j.py for tasks to queue
[2023-12-30T06:52:50.798+0000] {logging_mixin.py:188} INFO - [2023-12-30T06:52:50.798+0000] {dagbag.py:538} INFO - Filling up the DagBag from /opt/airflow/dags/import_data_to_neo4j.py
[2023-12-30T06:52:50.991+0000] {processor.py:840} INFO - DAG(s) 'import_data_to_neo4j' retrieved from /opt/airflow/dags/import_data_to_neo4j.py
[2023-12-30T06:52:51.009+0000] {logging_mixin.py:188} INFO - [2023-12-30T06:52:51.008+0000] {dag.py:3033} INFO - Sync 1 DAGs
[2023-12-30T06:52:51.015+0000] {logging_mixin.py:188} INFO - [2023-12-30T06:52:51.014+0000] {dag.py:3820} INFO - Setting next_dagrun for import_data_to_neo4j to None, run_after=None
[2023-12-30T06:52:51.026+0000] {processor.py:183} INFO - Processing /opt/airflow/dags/import_data_to_neo4j.py took 0.232 seconds
[2023-12-30T06:53:21.523+0000] {processor.py:161} INFO - Started process (PID=4133) to work on /opt/airflow/dags/import_data_to_neo4j.py
[2023-12-30T06:53:21.524+0000] {processor.py:830} INFO - Processing file /opt/airflow/dags/import_data_to_neo4j.py for tasks to queue
[2023-12-30T06:53:21.525+0000] {logging_mixin.py:188} INFO - [2023-12-30T06:53:21.525+0000] {dagbag.py:538} INFO - Filling up the DagBag from /opt/airflow/dags/import_data_to_neo4j.py
[2023-12-30T06:53:21.719+0000] {processor.py:840} INFO - DAG(s) 'import_data_to_neo4j' retrieved from /opt/airflow/dags/import_data_to_neo4j.py
[2023-12-30T06:53:21.739+0000] {logging_mixin.py:188} INFO - [2023-12-30T06:53:21.738+0000] {dag.py:3033} INFO - Sync 1 DAGs
[2023-12-30T06:53:21.746+0000] {logging_mixin.py:188} INFO - [2023-12-30T06:53:21.746+0000] {dag.py:3820} INFO - Setting next_dagrun for import_data_to_neo4j to None, run_after=None
[2023-12-30T06:53:21.756+0000] {processor.py:183} INFO - Processing /opt/airflow/dags/import_data_to_neo4j.py took 0.237 seconds
[2023-12-30T06:53:52.288+0000] {processor.py:161} INFO - Started process (PID=4150) to work on /opt/airflow/dags/import_data_to_neo4j.py
[2023-12-30T06:53:52.289+0000] {processor.py:830} INFO - Processing file /opt/airflow/dags/import_data_to_neo4j.py for tasks to queue
[2023-12-30T06:53:52.290+0000] {logging_mixin.py:188} INFO - [2023-12-30T06:53:52.290+0000] {dagbag.py:538} INFO - Filling up the DagBag from /opt/airflow/dags/import_data_to_neo4j.py
[2023-12-30T06:53:52.614+0000] {processor.py:840} INFO - DAG(s) 'import_data_to_neo4j' retrieved from /opt/airflow/dags/import_data_to_neo4j.py
[2023-12-30T06:53:52.646+0000] {logging_mixin.py:188} INFO - [2023-12-30T06:53:52.646+0000] {dag.py:3033} INFO - Sync 1 DAGs
[2023-12-30T06:53:52.656+0000] {logging_mixin.py:188} INFO - [2023-12-30T06:53:52.656+0000] {dag.py:3820} INFO - Setting next_dagrun for import_data_to_neo4j to None, run_after=None
[2023-12-30T06:53:52.667+0000] {processor.py:183} INFO - Processing /opt/airflow/dags/import_data_to_neo4j.py took 0.382 seconds
[2023-12-30T06:54:23.278+0000] {processor.py:161} INFO - Started process (PID=4167) to work on /opt/airflow/dags/import_data_to_neo4j.py
[2023-12-30T06:54:23.283+0000] {processor.py:830} INFO - Processing file /opt/airflow/dags/import_data_to_neo4j.py for tasks to queue
[2023-12-30T06:54:23.285+0000] {logging_mixin.py:188} INFO - [2023-12-30T06:54:23.284+0000] {dagbag.py:538} INFO - Filling up the DagBag from /opt/airflow/dags/import_data_to_neo4j.py
[2023-12-30T06:54:23.496+0000] {processor.py:840} INFO - DAG(s) 'import_data_to_neo4j' retrieved from /opt/airflow/dags/import_data_to_neo4j.py
[2023-12-30T06:54:23.516+0000] {logging_mixin.py:188} INFO - [2023-12-30T06:54:23.515+0000] {dag.py:3033} INFO - Sync 1 DAGs
[2023-12-30T06:54:23.523+0000] {logging_mixin.py:188} INFO - [2023-12-30T06:54:23.523+0000] {dag.py:3820} INFO - Setting next_dagrun for import_data_to_neo4j to None, run_after=None
[2023-12-30T06:54:23.533+0000] {processor.py:183} INFO - Processing /opt/airflow/dags/import_data_to_neo4j.py took 0.267 seconds
[2023-12-30T06:54:54.316+0000] {processor.py:161} INFO - Started process (PID=4184) to work on /opt/airflow/dags/import_data_to_neo4j.py
[2023-12-30T06:54:54.318+0000] {processor.py:830} INFO - Processing file /opt/airflow/dags/import_data_to_neo4j.py for tasks to queue
[2023-12-30T06:54:54.324+0000] {logging_mixin.py:188} INFO - [2023-12-30T06:54:54.322+0000] {dagbag.py:538} INFO - Filling up the DagBag from /opt/airflow/dags/import_data_to_neo4j.py
[2023-12-30T06:54:54.862+0000] {processor.py:840} INFO - DAG(s) 'import_data_to_neo4j' retrieved from /opt/airflow/dags/import_data_to_neo4j.py
[2023-12-30T06:54:54.950+0000] {logging_mixin.py:188} INFO - [2023-12-30T06:54:54.947+0000] {dag.py:3033} INFO - Sync 1 DAGs
[2023-12-30T06:54:54.982+0000] {logging_mixin.py:188} INFO - [2023-12-30T06:54:54.981+0000] {dag.py:3820} INFO - Setting next_dagrun for import_data_to_neo4j to None, run_after=None
[2023-12-30T06:54:55.007+0000] {processor.py:183} INFO - Processing /opt/airflow/dags/import_data_to_neo4j.py took 0.695 seconds
[2023-12-30T06:55:25.698+0000] {processor.py:161} INFO - Started process (PID=4206) to work on /opt/airflow/dags/import_data_to_neo4j.py
[2023-12-30T06:55:25.700+0000] {processor.py:830} INFO - Processing file /opt/airflow/dags/import_data_to_neo4j.py for tasks to queue
[2023-12-30T06:55:25.701+0000] {logging_mixin.py:188} INFO - [2023-12-30T06:55:25.701+0000] {dagbag.py:538} INFO - Filling up the DagBag from /opt/airflow/dags/import_data_to_neo4j.py
[2023-12-30T06:55:25.942+0000] {processor.py:840} INFO - DAG(s) 'import_data_to_neo4j' retrieved from /opt/airflow/dags/import_data_to_neo4j.py
[2023-12-30T06:55:25.962+0000] {logging_mixin.py:188} INFO - [2023-12-30T06:55:25.962+0000] {dag.py:3033} INFO - Sync 1 DAGs
[2023-12-30T06:55:25.975+0000] {logging_mixin.py:188} INFO - [2023-12-30T06:55:25.975+0000] {dag.py:3820} INFO - Setting next_dagrun for import_data_to_neo4j to None, run_after=None
[2023-12-30T06:55:25.984+0000] {processor.py:183} INFO - Processing /opt/airflow/dags/import_data_to_neo4j.py took 0.288 seconds
[2023-12-30T06:55:56.466+0000] {processor.py:161} INFO - Started process (PID=4223) to work on /opt/airflow/dags/import_data_to_neo4j.py
[2023-12-30T06:55:56.467+0000] {processor.py:830} INFO - Processing file /opt/airflow/dags/import_data_to_neo4j.py for tasks to queue
[2023-12-30T06:55:56.467+0000] {logging_mixin.py:188} INFO - [2023-12-30T06:55:56.467+0000] {dagbag.py:538} INFO - Filling up the DagBag from /opt/airflow/dags/import_data_to_neo4j.py
[2023-12-30T06:55:56.656+0000] {processor.py:840} INFO - DAG(s) 'import_data_to_neo4j' retrieved from /opt/airflow/dags/import_data_to_neo4j.py
[2023-12-30T06:55:56.678+0000] {logging_mixin.py:188} INFO - [2023-12-30T06:55:56.678+0000] {dag.py:3033} INFO - Sync 1 DAGs
[2023-12-30T06:55:56.686+0000] {logging_mixin.py:188} INFO - [2023-12-30T06:55:56.685+0000] {dag.py:3820} INFO - Setting next_dagrun for import_data_to_neo4j to None, run_after=None
[2023-12-30T06:55:56.695+0000] {processor.py:183} INFO - Processing /opt/airflow/dags/import_data_to_neo4j.py took 0.231 seconds
[2023-12-30T06:56:27.203+0000] {processor.py:161} INFO - Started process (PID=4240) to work on /opt/airflow/dags/import_data_to_neo4j.py
[2023-12-30T06:56:27.204+0000] {processor.py:830} INFO - Processing file /opt/airflow/dags/import_data_to_neo4j.py for tasks to queue
[2023-12-30T06:56:27.205+0000] {logging_mixin.py:188} INFO - [2023-12-30T06:56:27.205+0000] {dagbag.py:538} INFO - Filling up the DagBag from /opt/airflow/dags/import_data_to_neo4j.py
[2023-12-30T06:56:27.391+0000] {processor.py:840} INFO - DAG(s) 'import_data_to_neo4j' retrieved from /opt/airflow/dags/import_data_to_neo4j.py
[2023-12-30T06:56:27.407+0000] {logging_mixin.py:188} INFO - [2023-12-30T06:56:27.407+0000] {dag.py:3033} INFO - Sync 1 DAGs
[2023-12-30T06:56:27.414+0000] {logging_mixin.py:188} INFO - [2023-12-30T06:56:27.413+0000] {dag.py:3820} INFO - Setting next_dagrun for import_data_to_neo4j to None, run_after=None
[2023-12-30T06:56:27.423+0000] {processor.py:183} INFO - Processing /opt/airflow/dags/import_data_to_neo4j.py took 0.222 seconds
[2023-12-30T06:56:57.879+0000] {processor.py:161} INFO - Started process (PID=4257) to work on /opt/airflow/dags/import_data_to_neo4j.py
[2023-12-30T06:56:57.880+0000] {processor.py:830} INFO - Processing file /opt/airflow/dags/import_data_to_neo4j.py for tasks to queue
[2023-12-30T06:56:57.881+0000] {logging_mixin.py:188} INFO - [2023-12-30T06:56:57.880+0000] {dagbag.py:538} INFO - Filling up the DagBag from /opt/airflow/dags/import_data_to_neo4j.py
[2023-12-30T06:56:58.069+0000] {processor.py:840} INFO - DAG(s) 'import_data_to_neo4j' retrieved from /opt/airflow/dags/import_data_to_neo4j.py
[2023-12-30T06:56:58.093+0000] {logging_mixin.py:188} INFO - [2023-12-30T06:56:58.093+0000] {dag.py:3033} INFO - Sync 1 DAGs
[2023-12-30T06:56:58.100+0000] {logging_mixin.py:188} INFO - [2023-12-30T06:56:58.099+0000] {dag.py:3820} INFO - Setting next_dagrun for import_data_to_neo4j to None, run_after=None
[2023-12-30T06:56:58.109+0000] {processor.py:183} INFO - Processing /opt/airflow/dags/import_data_to_neo4j.py took 0.232 seconds
[2023-12-30T06:57:28.584+0000] {processor.py:161} INFO - Started process (PID=4274) to work on /opt/airflow/dags/import_data_to_neo4j.py
[2023-12-30T06:57:28.585+0000] {processor.py:830} INFO - Processing file /opt/airflow/dags/import_data_to_neo4j.py for tasks to queue
[2023-12-30T06:57:28.585+0000] {logging_mixin.py:188} INFO - [2023-12-30T06:57:28.585+0000] {dagbag.py:538} INFO - Filling up the DagBag from /opt/airflow/dags/import_data_to_neo4j.py
[2023-12-30T06:57:28.770+0000] {processor.py:840} INFO - DAG(s) 'import_data_to_neo4j' retrieved from /opt/airflow/dags/import_data_to_neo4j.py
[2023-12-30T06:57:28.788+0000] {logging_mixin.py:188} INFO - [2023-12-30T06:57:28.788+0000] {dag.py:3033} INFO - Sync 1 DAGs
[2023-12-30T06:57:28.795+0000] {logging_mixin.py:188} INFO - [2023-12-30T06:57:28.795+0000] {dag.py:3820} INFO - Setting next_dagrun for import_data_to_neo4j to None, run_after=None
[2023-12-30T06:57:28.804+0000] {processor.py:183} INFO - Processing /opt/airflow/dags/import_data_to_neo4j.py took 0.222 seconds
[2023-12-30T06:57:59.213+0000] {processor.py:161} INFO - Started process (PID=4291) to work on /opt/airflow/dags/import_data_to_neo4j.py
[2023-12-30T06:57:59.214+0000] {processor.py:830} INFO - Processing file /opt/airflow/dags/import_data_to_neo4j.py for tasks to queue
[2023-12-30T06:57:59.214+0000] {logging_mixin.py:188} INFO - [2023-12-30T06:57:59.214+0000] {dagbag.py:538} INFO - Filling up the DagBag from /opt/airflow/dags/import_data_to_neo4j.py
[2023-12-30T06:57:59.418+0000] {processor.py:840} INFO - DAG(s) 'import_data_to_neo4j' retrieved from /opt/airflow/dags/import_data_to_neo4j.py
[2023-12-30T06:57:59.446+0000] {logging_mixin.py:188} INFO - [2023-12-30T06:57:59.446+0000] {dag.py:3033} INFO - Sync 1 DAGs
[2023-12-30T06:57:59.453+0000] {logging_mixin.py:188} INFO - [2023-12-30T06:57:59.453+0000] {dag.py:3820} INFO - Setting next_dagrun for import_data_to_neo4j to None, run_after=None
[2023-12-30T06:57:59.464+0000] {processor.py:183} INFO - Processing /opt/airflow/dags/import_data_to_neo4j.py took 0.254 seconds
