[2023-12-30T06:48:47.715+0000] {processor.py:161} INFO - Started process (PID=3989) to work on /opt/airflow/dags/load_data_dag.py
[2023-12-30T06:48:47.717+0000] {processor.py:830} INFO - Processing file /opt/airflow/dags/load_data_dag.py for tasks to queue
[2023-12-30T06:48:47.718+0000] {logging_mixin.py:188} INFO - [2023-12-30T06:48:47.718+0000] {dagbag.py:538} INFO - Filling up the DagBag from /opt/airflow/dags/load_data_dag.py
[2023-12-30T06:48:47.734+0000] {processor.py:840} INFO - DAG(s) 'import_data' retrieved from /opt/airflow/dags/load_data_dag.py
[2023-12-30T06:48:47.760+0000] {logging_mixin.py:188} INFO - [2023-12-30T06:48:47.760+0000] {dag.py:3033} INFO - Sync 1 DAGs
[2023-12-30T06:48:47.771+0000] {logging_mixin.py:188} INFO - [2023-12-30T06:48:47.771+0000] {dag.py:3820} INFO - Setting next_dagrun for import_data to 2023-01-01T00:00:00+00:00, run_after=2023-01-02T00:00:00+00:00
[2023-12-30T06:48:47.779+0000] {processor.py:183} INFO - Processing /opt/airflow/dags/load_data_dag.py took 0.070 seconds
[2023-12-30T06:49:18.227+0000] {processor.py:161} INFO - Started process (PID=4006) to work on /opt/airflow/dags/load_data_dag.py
[2023-12-30T06:49:18.228+0000] {processor.py:830} INFO - Processing file /opt/airflow/dags/load_data_dag.py for tasks to queue
[2023-12-30T06:49:18.229+0000] {logging_mixin.py:188} INFO - [2023-12-30T06:49:18.229+0000] {dagbag.py:538} INFO - Filling up the DagBag from /opt/airflow/dags/load_data_dag.py
[2023-12-30T06:49:18.237+0000] {processor.py:840} INFO - DAG(s) 'import_data' retrieved from /opt/airflow/dags/load_data_dag.py
[2023-12-30T06:49:18.256+0000] {logging_mixin.py:188} INFO - [2023-12-30T06:49:18.256+0000] {dag.py:3033} INFO - Sync 1 DAGs
[2023-12-30T06:49:18.270+0000] {logging_mixin.py:188} INFO - [2023-12-30T06:49:18.270+0000] {dag.py:3820} INFO - Setting next_dagrun for import_data to 2023-01-01T00:00:00+00:00, run_after=2023-01-02T00:00:00+00:00
[2023-12-30T06:49:18.280+0000] {processor.py:183} INFO - Processing /opt/airflow/dags/load_data_dag.py took 0.056 seconds
[2023-12-30T06:49:48.581+0000] {processor.py:161} INFO - Started process (PID=4023) to work on /opt/airflow/dags/load_data_dag.py
[2023-12-30T06:49:48.582+0000] {processor.py:830} INFO - Processing file /opt/airflow/dags/load_data_dag.py for tasks to queue
[2023-12-30T06:49:48.583+0000] {logging_mixin.py:188} INFO - [2023-12-30T06:49:48.583+0000] {dagbag.py:538} INFO - Filling up the DagBag from /opt/airflow/dags/load_data_dag.py
[2023-12-30T06:49:48.591+0000] {processor.py:840} INFO - DAG(s) 'import_data' retrieved from /opt/airflow/dags/load_data_dag.py
[2023-12-30T06:49:48.611+0000] {logging_mixin.py:188} INFO - [2023-12-30T06:49:48.611+0000] {dag.py:3033} INFO - Sync 1 DAGs
[2023-12-30T06:49:48.623+0000] {logging_mixin.py:188} INFO - [2023-12-30T06:49:48.623+0000] {dag.py:3820} INFO - Setting next_dagrun for import_data to 2023-01-01T00:00:00+00:00, run_after=2023-01-02T00:00:00+00:00
[2023-12-30T06:49:48.635+0000] {processor.py:183} INFO - Processing /opt/airflow/dags/load_data_dag.py took 0.056 seconds
[2023-12-30T06:50:18.914+0000] {processor.py:161} INFO - Started process (PID=4040) to work on /opt/airflow/dags/load_data_dag.py
[2023-12-30T06:50:18.915+0000] {processor.py:830} INFO - Processing file /opt/airflow/dags/load_data_dag.py for tasks to queue
[2023-12-30T06:50:18.915+0000] {logging_mixin.py:188} INFO - [2023-12-30T06:50:18.915+0000] {dagbag.py:538} INFO - Filling up the DagBag from /opt/airflow/dags/load_data_dag.py
[2023-12-30T06:50:18.925+0000] {processor.py:840} INFO - DAG(s) 'import_data' retrieved from /opt/airflow/dags/load_data_dag.py
[2023-12-30T06:50:18.945+0000] {logging_mixin.py:188} INFO - [2023-12-30T06:50:18.945+0000] {dag.py:3033} INFO - Sync 1 DAGs
[2023-12-30T06:50:18.958+0000] {logging_mixin.py:188} INFO - [2023-12-30T06:50:18.958+0000] {dag.py:3820} INFO - Setting next_dagrun for import_data to 2023-01-01T00:00:00+00:00, run_after=2023-01-02T00:00:00+00:00
[2023-12-30T06:50:18.967+0000] {processor.py:183} INFO - Processing /opt/airflow/dags/load_data_dag.py took 0.056 seconds
[2023-12-30T06:50:49.541+0000] {processor.py:161} INFO - Started process (PID=4057) to work on /opt/airflow/dags/load_data_dag.py
[2023-12-30T06:50:49.542+0000] {processor.py:830} INFO - Processing file /opt/airflow/dags/load_data_dag.py for tasks to queue
[2023-12-30T06:50:49.543+0000] {logging_mixin.py:188} INFO - [2023-12-30T06:50:49.543+0000] {dagbag.py:538} INFO - Filling up the DagBag from /opt/airflow/dags/load_data_dag.py
[2023-12-30T06:50:49.552+0000] {processor.py:840} INFO - DAG(s) 'import_data' retrieved from /opt/airflow/dags/load_data_dag.py
[2023-12-30T06:50:49.572+0000] {logging_mixin.py:188} INFO - [2023-12-30T06:50:49.572+0000] {dag.py:3033} INFO - Sync 1 DAGs
[2023-12-30T06:50:49.585+0000] {logging_mixin.py:188} INFO - [2023-12-30T06:50:49.585+0000] {dag.py:3820} INFO - Setting next_dagrun for import_data to 2023-01-01T00:00:00+00:00, run_after=2023-01-02T00:00:00+00:00
[2023-12-30T06:50:49.595+0000] {processor.py:183} INFO - Processing /opt/airflow/dags/load_data_dag.py took 0.057 seconds
[2023-12-30T06:51:19.725+0000] {processor.py:161} INFO - Started process (PID=4074) to work on /opt/airflow/dags/load_data_dag.py
[2023-12-30T06:51:19.726+0000] {processor.py:830} INFO - Processing file /opt/airflow/dags/load_data_dag.py for tasks to queue
[2023-12-30T06:51:19.727+0000] {logging_mixin.py:188} INFO - [2023-12-30T06:51:19.727+0000] {dagbag.py:538} INFO - Filling up the DagBag from /opt/airflow/dags/load_data_dag.py
[2023-12-30T06:51:19.737+0000] {processor.py:840} INFO - DAG(s) 'import_data' retrieved from /opt/airflow/dags/load_data_dag.py
[2023-12-30T06:51:19.761+0000] {logging_mixin.py:188} INFO - [2023-12-30T06:51:19.760+0000] {dag.py:3033} INFO - Sync 1 DAGs
[2023-12-30T06:51:19.779+0000] {logging_mixin.py:188} INFO - [2023-12-30T06:51:19.779+0000] {dag.py:3820} INFO - Setting next_dagrun for import_data to 2023-01-01T00:00:00+00:00, run_after=2023-01-02T00:00:00+00:00
[2023-12-30T06:51:19.815+0000] {processor.py:183} INFO - Processing /opt/airflow/dags/load_data_dag.py took 0.093 seconds
[2023-12-30T06:51:50.589+0000] {processor.py:161} INFO - Started process (PID=4091) to work on /opt/airflow/dags/load_data_dag.py
[2023-12-30T06:51:50.591+0000] {processor.py:830} INFO - Processing file /opt/airflow/dags/load_data_dag.py for tasks to queue
[2023-12-30T06:51:50.591+0000] {logging_mixin.py:188} INFO - [2023-12-30T06:51:50.591+0000] {dagbag.py:538} INFO - Filling up the DagBag from /opt/airflow/dags/load_data_dag.py
[2023-12-30T06:51:50.599+0000] {processor.py:840} INFO - DAG(s) 'import_data' retrieved from /opt/airflow/dags/load_data_dag.py
[2023-12-30T06:51:50.618+0000] {logging_mixin.py:188} INFO - [2023-12-30T06:51:50.618+0000] {dag.py:3033} INFO - Sync 1 DAGs
[2023-12-30T06:51:50.630+0000] {logging_mixin.py:188} INFO - [2023-12-30T06:51:50.630+0000] {dag.py:3820} INFO - Setting next_dagrun for import_data to 2023-01-01T00:00:00+00:00, run_after=2023-01-02T00:00:00+00:00
[2023-12-30T06:51:50.640+0000] {processor.py:183} INFO - Processing /opt/airflow/dags/load_data_dag.py took 0.053 seconds
[2023-12-30T06:52:21.317+0000] {processor.py:161} INFO - Started process (PID=4108) to work on /opt/airflow/dags/load_data_dag.py
[2023-12-30T06:52:21.319+0000] {processor.py:830} INFO - Processing file /opt/airflow/dags/load_data_dag.py for tasks to queue
[2023-12-30T06:52:21.319+0000] {logging_mixin.py:188} INFO - [2023-12-30T06:52:21.319+0000] {dagbag.py:538} INFO - Filling up the DagBag from /opt/airflow/dags/load_data_dag.py
[2023-12-30T06:52:21.328+0000] {processor.py:840} INFO - DAG(s) 'import_data' retrieved from /opt/airflow/dags/load_data_dag.py
[2023-12-30T06:52:21.347+0000] {logging_mixin.py:188} INFO - [2023-12-30T06:52:21.347+0000] {dag.py:3033} INFO - Sync 1 DAGs
[2023-12-30T06:52:21.360+0000] {logging_mixin.py:188} INFO - [2023-12-30T06:52:21.360+0000] {dag.py:3820} INFO - Setting next_dagrun for import_data to 2023-01-01T00:00:00+00:00, run_after=2023-01-02T00:00:00+00:00
[2023-12-30T06:52:21.369+0000] {processor.py:183} INFO - Processing /opt/airflow/dags/load_data_dag.py took 0.054 seconds
[2023-12-30T06:52:52.070+0000] {processor.py:161} INFO - Started process (PID=4125) to work on /opt/airflow/dags/load_data_dag.py
[2023-12-30T06:52:52.072+0000] {processor.py:830} INFO - Processing file /opt/airflow/dags/load_data_dag.py for tasks to queue
[2023-12-30T06:52:52.073+0000] {logging_mixin.py:188} INFO - [2023-12-30T06:52:52.073+0000] {dagbag.py:538} INFO - Filling up the DagBag from /opt/airflow/dags/load_data_dag.py
[2023-12-30T06:52:52.081+0000] {processor.py:840} INFO - DAG(s) 'import_data' retrieved from /opt/airflow/dags/load_data_dag.py
[2023-12-30T06:52:52.106+0000] {logging_mixin.py:188} INFO - [2023-12-30T06:52:52.106+0000] {dag.py:3033} INFO - Sync 1 DAGs
[2023-12-30T06:52:52.120+0000] {logging_mixin.py:188} INFO - [2023-12-30T06:52:52.120+0000] {dag.py:3820} INFO - Setting next_dagrun for import_data to 2023-01-01T00:00:00+00:00, run_after=2023-01-02T00:00:00+00:00
[2023-12-30T06:52:52.131+0000] {processor.py:183} INFO - Processing /opt/airflow/dags/load_data_dag.py took 0.065 seconds
[2023-12-30T06:53:22.808+0000] {processor.py:161} INFO - Started process (PID=4142) to work on /opt/airflow/dags/load_data_dag.py
[2023-12-30T06:53:22.811+0000] {processor.py:830} INFO - Processing file /opt/airflow/dags/load_data_dag.py for tasks to queue
[2023-12-30T06:53:22.812+0000] {logging_mixin.py:188} INFO - [2023-12-30T06:53:22.812+0000] {dagbag.py:538} INFO - Filling up the DagBag from /opt/airflow/dags/load_data_dag.py
[2023-12-30T06:53:22.832+0000] {processor.py:840} INFO - DAG(s) 'import_data' retrieved from /opt/airflow/dags/load_data_dag.py
[2023-12-30T06:53:22.856+0000] {logging_mixin.py:188} INFO - [2023-12-30T06:53:22.856+0000] {dag.py:3033} INFO - Sync 1 DAGs
[2023-12-30T06:53:22.870+0000] {logging_mixin.py:188} INFO - [2023-12-30T06:53:22.869+0000] {dag.py:3820} INFO - Setting next_dagrun for import_data to 2023-01-01T00:00:00+00:00, run_after=2023-01-02T00:00:00+00:00
[2023-12-30T06:53:22.881+0000] {processor.py:183} INFO - Processing /opt/airflow/dags/load_data_dag.py took 0.079 seconds
[2023-12-30T06:53:53.724+0000] {processor.py:161} INFO - Started process (PID=4159) to work on /opt/airflow/dags/load_data_dag.py
[2023-12-30T06:53:53.726+0000] {processor.py:830} INFO - Processing file /opt/airflow/dags/load_data_dag.py for tasks to queue
[2023-12-30T06:53:53.727+0000] {logging_mixin.py:188} INFO - [2023-12-30T06:53:53.727+0000] {dagbag.py:538} INFO - Filling up the DagBag from /opt/airflow/dags/load_data_dag.py
[2023-12-30T06:53:53.741+0000] {processor.py:840} INFO - DAG(s) 'import_data' retrieved from /opt/airflow/dags/load_data_dag.py
[2023-12-30T06:53:53.769+0000] {logging_mixin.py:188} INFO - [2023-12-30T06:53:53.769+0000] {dag.py:3033} INFO - Sync 1 DAGs
[2023-12-30T06:53:53.780+0000] {logging_mixin.py:188} INFO - [2023-12-30T06:53:53.780+0000] {dag.py:3820} INFO - Setting next_dagrun for import_data to 2023-01-01T00:00:00+00:00, run_after=2023-01-02T00:00:00+00:00
[2023-12-30T06:53:53.788+0000] {processor.py:183} INFO - Processing /opt/airflow/dags/load_data_dag.py took 0.068 seconds
[2023-12-30T06:54:24.585+0000] {processor.py:161} INFO - Started process (PID=4176) to work on /opt/airflow/dags/load_data_dag.py
[2023-12-30T06:54:24.588+0000] {processor.py:830} INFO - Processing file /opt/airflow/dags/load_data_dag.py for tasks to queue
[2023-12-30T06:54:24.589+0000] {logging_mixin.py:188} INFO - [2023-12-30T06:54:24.589+0000] {dagbag.py:538} INFO - Filling up the DagBag from /opt/airflow/dags/load_data_dag.py
[2023-12-30T06:54:24.597+0000] {processor.py:840} INFO - DAG(s) 'import_data' retrieved from /opt/airflow/dags/load_data_dag.py
[2023-12-30T06:54:24.626+0000] {logging_mixin.py:188} INFO - [2023-12-30T06:54:24.626+0000] {dag.py:3033} INFO - Sync 1 DAGs
[2023-12-30T06:54:24.657+0000] {logging_mixin.py:188} INFO - [2023-12-30T06:54:24.657+0000] {dag.py:3820} INFO - Setting next_dagrun for import_data to 2023-01-01T00:00:00+00:00, run_after=2023-01-02T00:00:00+00:00
[2023-12-30T06:54:24.672+0000] {processor.py:183} INFO - Processing /opt/airflow/dags/load_data_dag.py took 0.092 seconds
[2023-12-30T06:54:55.050+0000] {processor.py:161} INFO - Started process (PID=4191) to work on /opt/airflow/dags/load_data_dag.py
[2023-12-30T06:54:55.052+0000] {processor.py:830} INFO - Processing file /opt/airflow/dags/load_data_dag.py for tasks to queue
[2023-12-30T06:54:55.052+0000] {logging_mixin.py:188} INFO - [2023-12-30T06:54:55.052+0000] {dagbag.py:538} INFO - Filling up the DagBag from /opt/airflow/dags/load_data_dag.py
[2023-12-30T06:54:55.062+0000] {processor.py:840} INFO - DAG(s) 'import_data' retrieved from /opt/airflow/dags/load_data_dag.py
[2023-12-30T06:54:55.100+0000] {logging_mixin.py:188} INFO - [2023-12-30T06:54:55.100+0000] {dag.py:3033} INFO - Sync 1 DAGs
[2023-12-30T06:54:55.116+0000] {logging_mixin.py:188} INFO - [2023-12-30T06:54:55.116+0000] {dag.py:3820} INFO - Setting next_dagrun for import_data to 2023-01-01T00:00:00+00:00, run_after=2023-01-02T00:00:00+00:00
[2023-12-30T06:54:55.131+0000] {processor.py:183} INFO - Processing /opt/airflow/dags/load_data_dag.py took 0.084 seconds
[2023-12-30T06:55:25.609+0000] {processor.py:161} INFO - Started process (PID=4201) to work on /opt/airflow/dags/load_data_dag.py
[2023-12-30T06:55:25.611+0000] {processor.py:830} INFO - Processing file /opt/airflow/dags/load_data_dag.py for tasks to queue
[2023-12-30T06:55:25.612+0000] {logging_mixin.py:188} INFO - [2023-12-30T06:55:25.612+0000] {dagbag.py:538} INFO - Filling up the DagBag from /opt/airflow/dags/load_data_dag.py
[2023-12-30T06:55:25.625+0000] {processor.py:840} INFO - DAG(s) 'import_data' retrieved from /opt/airflow/dags/load_data_dag.py
[2023-12-30T06:55:25.652+0000] {logging_mixin.py:188} INFO - [2023-12-30T06:55:25.652+0000] {dag.py:3033} INFO - Sync 1 DAGs
[2023-12-30T06:55:25.669+0000] {logging_mixin.py:188} INFO - [2023-12-30T06:55:25.669+0000] {dag.py:3820} INFO - Setting next_dagrun for import_data to 2023-01-01T00:00:00+00:00, run_after=2023-01-02T00:00:00+00:00
[2023-12-30T06:55:25.680+0000] {processor.py:183} INFO - Processing /opt/airflow/dags/load_data_dag.py took 0.075 seconds
[2023-12-30T06:55:56.398+0000] {processor.py:161} INFO - Started process (PID=4218) to work on /opt/airflow/dags/load_data_dag.py
[2023-12-30T06:55:56.400+0000] {processor.py:830} INFO - Processing file /opt/airflow/dags/load_data_dag.py for tasks to queue
[2023-12-30T06:55:56.400+0000] {logging_mixin.py:188} INFO - [2023-12-30T06:55:56.400+0000] {dagbag.py:538} INFO - Filling up the DagBag from /opt/airflow/dags/load_data_dag.py
[2023-12-30T06:55:56.409+0000] {processor.py:840} INFO - DAG(s) 'import_data' retrieved from /opt/airflow/dags/load_data_dag.py
[2023-12-30T06:55:56.428+0000] {logging_mixin.py:188} INFO - [2023-12-30T06:55:56.428+0000] {dag.py:3033} INFO - Sync 1 DAGs
[2023-12-30T06:55:56.439+0000] {logging_mixin.py:188} INFO - [2023-12-30T06:55:56.439+0000] {dag.py:3820} INFO - Setting next_dagrun for import_data to 2023-01-01T00:00:00+00:00, run_after=2023-01-02T00:00:00+00:00
[2023-12-30T06:55:56.449+0000] {processor.py:183} INFO - Processing /opt/airflow/dags/load_data_dag.py took 0.053 seconds
[2023-12-30T06:56:27.128+0000] {processor.py:161} INFO - Started process (PID=4235) to work on /opt/airflow/dags/load_data_dag.py
[2023-12-30T06:56:27.129+0000] {processor.py:830} INFO - Processing file /opt/airflow/dags/load_data_dag.py for tasks to queue
[2023-12-30T06:56:27.130+0000] {logging_mixin.py:188} INFO - [2023-12-30T06:56:27.130+0000] {dagbag.py:538} INFO - Filling up the DagBag from /opt/airflow/dags/load_data_dag.py
[2023-12-30T06:56:27.139+0000] {processor.py:840} INFO - DAG(s) 'import_data' retrieved from /opt/airflow/dags/load_data_dag.py
[2023-12-30T06:56:27.162+0000] {logging_mixin.py:188} INFO - [2023-12-30T06:56:27.162+0000] {dag.py:3033} INFO - Sync 1 DAGs
[2023-12-30T06:56:27.174+0000] {logging_mixin.py:188} INFO - [2023-12-30T06:56:27.174+0000] {dag.py:3820} INFO - Setting next_dagrun for import_data to 2023-01-01T00:00:00+00:00, run_after=2023-01-02T00:00:00+00:00
[2023-12-30T06:56:27.182+0000] {processor.py:183} INFO - Processing /opt/airflow/dags/load_data_dag.py took 0.058 seconds
[2023-12-30T06:56:57.810+0000] {processor.py:161} INFO - Started process (PID=4252) to work on /opt/airflow/dags/load_data_dag.py
[2023-12-30T06:56:57.811+0000] {processor.py:830} INFO - Processing file /opt/airflow/dags/load_data_dag.py for tasks to queue
[2023-12-30T06:56:57.812+0000] {logging_mixin.py:188} INFO - [2023-12-30T06:56:57.812+0000] {dagbag.py:538} INFO - Filling up the DagBag from /opt/airflow/dags/load_data_dag.py
[2023-12-30T06:56:57.822+0000] {processor.py:840} INFO - DAG(s) 'import_data' retrieved from /opt/airflow/dags/load_data_dag.py
[2023-12-30T06:56:57.841+0000] {logging_mixin.py:188} INFO - [2023-12-30T06:56:57.841+0000] {dag.py:3033} INFO - Sync 1 DAGs
[2023-12-30T06:56:57.854+0000] {logging_mixin.py:188} INFO - [2023-12-30T06:56:57.854+0000] {dag.py:3820} INFO - Setting next_dagrun for import_data to 2023-01-01T00:00:00+00:00, run_after=2023-01-02T00:00:00+00:00
[2023-12-30T06:56:57.863+0000] {processor.py:183} INFO - Processing /opt/airflow/dags/load_data_dag.py took 0.055 seconds
[2023-12-30T06:57:28.511+0000] {processor.py:161} INFO - Started process (PID=4269) to work on /opt/airflow/dags/load_data_dag.py
[2023-12-30T06:57:28.513+0000] {processor.py:830} INFO - Processing file /opt/airflow/dags/load_data_dag.py for tasks to queue
[2023-12-30T06:57:28.514+0000] {logging_mixin.py:188} INFO - [2023-12-30T06:57:28.514+0000] {dagbag.py:538} INFO - Filling up the DagBag from /opt/airflow/dags/load_data_dag.py
[2023-12-30T06:57:28.525+0000] {processor.py:840} INFO - DAG(s) 'import_data' retrieved from /opt/airflow/dags/load_data_dag.py
[2023-12-30T06:57:28.546+0000] {logging_mixin.py:188} INFO - [2023-12-30T06:57:28.546+0000] {dag.py:3033} INFO - Sync 1 DAGs
[2023-12-30T06:57:28.557+0000] {logging_mixin.py:188} INFO - [2023-12-30T06:57:28.557+0000] {dag.py:3820} INFO - Setting next_dagrun for import_data to 2023-01-01T00:00:00+00:00, run_after=2023-01-02T00:00:00+00:00
[2023-12-30T06:57:28.566+0000] {processor.py:183} INFO - Processing /opt/airflow/dags/load_data_dag.py took 0.059 seconds
[2023-12-30T06:57:59.141+0000] {processor.py:161} INFO - Started process (PID=4286) to work on /opt/airflow/dags/load_data_dag.py
[2023-12-30T06:57:59.142+0000] {processor.py:830} INFO - Processing file /opt/airflow/dags/load_data_dag.py for tasks to queue
[2023-12-30T06:57:59.143+0000] {logging_mixin.py:188} INFO - [2023-12-30T06:57:59.143+0000] {dagbag.py:538} INFO - Filling up the DagBag from /opt/airflow/dags/load_data_dag.py
[2023-12-30T06:57:59.150+0000] {processor.py:840} INFO - DAG(s) 'import_data' retrieved from /opt/airflow/dags/load_data_dag.py
[2023-12-30T06:57:59.170+0000] {logging_mixin.py:188} INFO - [2023-12-30T06:57:59.170+0000] {dag.py:3033} INFO - Sync 1 DAGs
[2023-12-30T06:57:59.182+0000] {logging_mixin.py:188} INFO - [2023-12-30T06:57:59.182+0000] {dag.py:3820} INFO - Setting next_dagrun for import_data to 2023-01-01T00:00:00+00:00, run_after=2023-01-02T00:00:00+00:00
[2023-12-30T06:57:59.193+0000] {processor.py:183} INFO - Processing /opt/airflow/dags/load_data_dag.py took 0.055 seconds
