[2023-12-30T06:48:43.603+0000] {processor.py:161} INFO - Started process (PID=3977) to work on /opt/airflow/dags/send_to_neo4j_dag.py
[2023-12-30T06:48:43.605+0000] {processor.py:830} INFO - Processing file /opt/airflow/dags/send_to_neo4j_dag.py for tasks to queue
[2023-12-30T06:48:43.606+0000] {logging_mixin.py:188} INFO - [2023-12-30T06:48:43.606+0000] {dagbag.py:538} INFO - Filling up the DagBag from /opt/airflow/dags/send_to_neo4j_dag.py
[2023-12-30T06:48:43.894+0000] {processor.py:840} INFO - DAG(s) 'to_neo4j' retrieved from /opt/airflow/dags/send_to_neo4j_dag.py
[2023-12-30T06:48:43.968+0000] {logging_mixin.py:188} INFO - [2023-12-30T06:48:43.968+0000] {dag.py:3033} INFO - Sync 1 DAGs
[2023-12-30T06:48:43.983+0000] {logging_mixin.py:188} INFO - [2023-12-30T06:48:43.983+0000] {dag.py:3820} INFO - Setting next_dagrun for to_neo4j to 2023-12-30T00:00:00+00:00, run_after=2023-12-31T00:00:00+00:00
[2023-12-30T06:48:43.996+0000] {processor.py:183} INFO - Processing /opt/airflow/dags/send_to_neo4j_dag.py took 0.399 seconds
[2023-12-30T06:49:14.162+0000] {processor.py:161} INFO - Started process (PID=3994) to work on /opt/airflow/dags/send_to_neo4j_dag.py
[2023-12-30T06:49:14.163+0000] {processor.py:830} INFO - Processing file /opt/airflow/dags/send_to_neo4j_dag.py for tasks to queue
[2023-12-30T06:49:14.164+0000] {logging_mixin.py:188} INFO - [2023-12-30T06:49:14.163+0000] {dagbag.py:538} INFO - Filling up the DagBag from /opt/airflow/dags/send_to_neo4j_dag.py
[2023-12-30T06:49:14.368+0000] {processor.py:840} INFO - DAG(s) 'to_neo4j' retrieved from /opt/airflow/dags/send_to_neo4j_dag.py
[2023-12-30T06:49:14.427+0000] {logging_mixin.py:188} INFO - [2023-12-30T06:49:14.426+0000] {dag.py:3033} INFO - Sync 1 DAGs
[2023-12-30T06:49:14.439+0000] {logging_mixin.py:188} INFO - [2023-12-30T06:49:14.438+0000] {dag.py:3820} INFO - Setting next_dagrun for to_neo4j to 2023-12-30T00:00:00+00:00, run_after=2023-12-31T00:00:00+00:00
[2023-12-30T06:49:14.449+0000] {processor.py:183} INFO - Processing /opt/airflow/dags/send_to_neo4j_dag.py took 0.289 seconds
[2023-12-30T06:49:44.504+0000] {processor.py:161} INFO - Started process (PID=4011) to work on /opt/airflow/dags/send_to_neo4j_dag.py
[2023-12-30T06:49:44.505+0000] {processor.py:830} INFO - Processing file /opt/airflow/dags/send_to_neo4j_dag.py for tasks to queue
[2023-12-30T06:49:44.506+0000] {logging_mixin.py:188} INFO - [2023-12-30T06:49:44.506+0000] {dagbag.py:538} INFO - Filling up the DagBag from /opt/airflow/dags/send_to_neo4j_dag.py
[2023-12-30T06:49:44.741+0000] {processor.py:840} INFO - DAG(s) 'to_neo4j' retrieved from /opt/airflow/dags/send_to_neo4j_dag.py
[2023-12-30T06:49:44.805+0000] {logging_mixin.py:188} INFO - [2023-12-30T06:49:44.804+0000] {dag.py:3033} INFO - Sync 1 DAGs
[2023-12-30T06:49:44.817+0000] {logging_mixin.py:188} INFO - [2023-12-30T06:49:44.817+0000] {dag.py:3820} INFO - Setting next_dagrun for to_neo4j to 2023-12-30T00:00:00+00:00, run_after=2023-12-31T00:00:00+00:00
[2023-12-30T06:49:44.829+0000] {processor.py:183} INFO - Processing /opt/airflow/dags/send_to_neo4j_dag.py took 0.328 seconds
[2023-12-30T06:50:15.856+0000] {processor.py:161} INFO - Started process (PID=4028) to work on /opt/airflow/dags/send_to_neo4j_dag.py
[2023-12-30T06:50:15.857+0000] {processor.py:830} INFO - Processing file /opt/airflow/dags/send_to_neo4j_dag.py for tasks to queue
[2023-12-30T06:50:15.859+0000] {logging_mixin.py:188} INFO - [2023-12-30T06:50:15.858+0000] {dagbag.py:538} INFO - Filling up the DagBag from /opt/airflow/dags/send_to_neo4j_dag.py
[2023-12-30T06:50:16.162+0000] {processor.py:840} INFO - DAG(s) 'to_neo4j' retrieved from /opt/airflow/dags/send_to_neo4j_dag.py
[2023-12-30T06:50:16.242+0000] {logging_mixin.py:188} INFO - [2023-12-30T06:50:16.241+0000] {dag.py:3033} INFO - Sync 1 DAGs
[2023-12-30T06:50:16.256+0000] {logging_mixin.py:188} INFO - [2023-12-30T06:50:16.256+0000] {dag.py:3820} INFO - Setting next_dagrun for to_neo4j to 2023-12-30T00:00:00+00:00, run_after=2023-12-31T00:00:00+00:00
[2023-12-30T06:50:16.268+0000] {processor.py:183} INFO - Processing /opt/airflow/dags/send_to_neo4j_dag.py took 0.418 seconds
[2023-12-30T06:50:47.184+0000] {processor.py:161} INFO - Started process (PID=4045) to work on /opt/airflow/dags/send_to_neo4j_dag.py
[2023-12-30T06:50:47.185+0000] {processor.py:830} INFO - Processing file /opt/airflow/dags/send_to_neo4j_dag.py for tasks to queue
[2023-12-30T06:50:47.187+0000] {logging_mixin.py:188} INFO - [2023-12-30T06:50:47.187+0000] {dagbag.py:538} INFO - Filling up the DagBag from /opt/airflow/dags/send_to_neo4j_dag.py
[2023-12-30T06:50:47.433+0000] {processor.py:840} INFO - DAG(s) 'to_neo4j' retrieved from /opt/airflow/dags/send_to_neo4j_dag.py
[2023-12-30T06:50:47.504+0000] {logging_mixin.py:188} INFO - [2023-12-30T06:50:47.503+0000] {dag.py:3033} INFO - Sync 1 DAGs
[2023-12-30T06:50:47.516+0000] {logging_mixin.py:188} INFO - [2023-12-30T06:50:47.516+0000] {dag.py:3820} INFO - Setting next_dagrun for to_neo4j to 2023-12-30T00:00:00+00:00, run_after=2023-12-31T00:00:00+00:00
[2023-12-30T06:50:47.527+0000] {processor.py:183} INFO - Processing /opt/airflow/dags/send_to_neo4j_dag.py took 0.346 seconds
[2023-12-30T06:51:18.040+0000] {processor.py:161} INFO - Started process (PID=4062) to work on /opt/airflow/dags/send_to_neo4j_dag.py
[2023-12-30T06:51:18.042+0000] {processor.py:830} INFO - Processing file /opt/airflow/dags/send_to_neo4j_dag.py for tasks to queue
[2023-12-30T06:51:18.044+0000] {logging_mixin.py:188} INFO - [2023-12-30T06:51:18.043+0000] {dagbag.py:538} INFO - Filling up the DagBag from /opt/airflow/dags/send_to_neo4j_dag.py
[2023-12-30T06:51:18.513+0000] {processor.py:840} INFO - DAG(s) 'to_neo4j' retrieved from /opt/airflow/dags/send_to_neo4j_dag.py
[2023-12-30T06:51:18.695+0000] {logging_mixin.py:188} INFO - [2023-12-30T06:51:18.695+0000] {dag.py:3033} INFO - Sync 1 DAGs
[2023-12-30T06:51:18.709+0000] {logging_mixin.py:188} INFO - [2023-12-30T06:51:18.709+0000] {dag.py:3820} INFO - Setting next_dagrun for to_neo4j to 2023-12-30T00:00:00+00:00, run_after=2023-12-31T00:00:00+00:00
[2023-12-30T06:51:18.734+0000] {processor.py:183} INFO - Processing /opt/airflow/dags/send_to_neo4j_dag.py took 0.701 seconds
[2023-12-30T06:51:49.114+0000] {processor.py:161} INFO - Started process (PID=4079) to work on /opt/airflow/dags/send_to_neo4j_dag.py
[2023-12-30T06:51:49.116+0000] {processor.py:830} INFO - Processing file /opt/airflow/dags/send_to_neo4j_dag.py for tasks to queue
[2023-12-30T06:51:49.118+0000] {logging_mixin.py:188} INFO - [2023-12-30T06:51:49.117+0000] {dagbag.py:538} INFO - Filling up the DagBag from /opt/airflow/dags/send_to_neo4j_dag.py
[2023-12-30T06:51:49.468+0000] {processor.py:840} INFO - DAG(s) 'to_neo4j' retrieved from /opt/airflow/dags/send_to_neo4j_dag.py
[2023-12-30T06:51:49.561+0000] {logging_mixin.py:188} INFO - [2023-12-30T06:51:49.560+0000] {dag.py:3033} INFO - Sync 1 DAGs
[2023-12-30T06:51:49.574+0000] {logging_mixin.py:188} INFO - [2023-12-30T06:51:49.574+0000] {dag.py:3820} INFO - Setting next_dagrun for to_neo4j to 2023-12-30T00:00:00+00:00, run_after=2023-12-31T00:00:00+00:00
[2023-12-30T06:51:49.584+0000] {processor.py:183} INFO - Processing /opt/airflow/dags/send_to_neo4j_dag.py took 0.487 seconds
[2023-12-30T06:52:19.958+0000] {processor.py:161} INFO - Started process (PID=4096) to work on /opt/airflow/dags/send_to_neo4j_dag.py
[2023-12-30T06:52:19.960+0000] {processor.py:830} INFO - Processing file /opt/airflow/dags/send_to_neo4j_dag.py for tasks to queue
[2023-12-30T06:52:19.962+0000] {logging_mixin.py:188} INFO - [2023-12-30T06:52:19.961+0000] {dagbag.py:538} INFO - Filling up the DagBag from /opt/airflow/dags/send_to_neo4j_dag.py
[2023-12-30T06:52:20.224+0000] {processor.py:840} INFO - DAG(s) 'to_neo4j' retrieved from /opt/airflow/dags/send_to_neo4j_dag.py
[2023-12-30T06:52:20.294+0000] {logging_mixin.py:188} INFO - [2023-12-30T06:52:20.294+0000] {dag.py:3033} INFO - Sync 1 DAGs
[2023-12-30T06:52:20.308+0000] {logging_mixin.py:188} INFO - [2023-12-30T06:52:20.308+0000] {dag.py:3820} INFO - Setting next_dagrun for to_neo4j to 2023-12-30T00:00:00+00:00, run_after=2023-12-31T00:00:00+00:00
[2023-12-30T06:52:20.318+0000] {processor.py:183} INFO - Processing /opt/airflow/dags/send_to_neo4j_dag.py took 0.367 seconds
[2023-12-30T06:52:50.791+0000] {processor.py:161} INFO - Started process (PID=4113) to work on /opt/airflow/dags/send_to_neo4j_dag.py
[2023-12-30T06:52:50.794+0000] {processor.py:830} INFO - Processing file /opt/airflow/dags/send_to_neo4j_dag.py for tasks to queue
[2023-12-30T06:52:50.794+0000] {logging_mixin.py:188} INFO - [2023-12-30T06:52:50.794+0000] {dagbag.py:538} INFO - Filling up the DagBag from /opt/airflow/dags/send_to_neo4j_dag.py
[2023-12-30T06:52:50.992+0000] {processor.py:840} INFO - DAG(s) 'to_neo4j' retrieved from /opt/airflow/dags/send_to_neo4j_dag.py
[2023-12-30T06:52:51.049+0000] {logging_mixin.py:188} INFO - [2023-12-30T06:52:51.049+0000] {dag.py:3033} INFO - Sync 1 DAGs
[2023-12-30T06:52:51.060+0000] {logging_mixin.py:188} INFO - [2023-12-30T06:52:51.060+0000] {dag.py:3820} INFO - Setting next_dagrun for to_neo4j to 2023-12-30T00:00:00+00:00, run_after=2023-12-31T00:00:00+00:00
[2023-12-30T06:52:51.071+0000] {processor.py:183} INFO - Processing /opt/airflow/dags/send_to_neo4j_dag.py took 0.282 seconds
[2023-12-30T06:53:21.519+0000] {processor.py:161} INFO - Started process (PID=4130) to work on /opt/airflow/dags/send_to_neo4j_dag.py
[2023-12-30T06:53:21.520+0000] {processor.py:830} INFO - Processing file /opt/airflow/dags/send_to_neo4j_dag.py for tasks to queue
[2023-12-30T06:53:21.521+0000] {logging_mixin.py:188} INFO - [2023-12-30T06:53:21.521+0000] {dagbag.py:538} INFO - Filling up the DagBag from /opt/airflow/dags/send_to_neo4j_dag.py
[2023-12-30T06:53:21.729+0000] {processor.py:840} INFO - DAG(s) 'to_neo4j' retrieved from /opt/airflow/dags/send_to_neo4j_dag.py
[2023-12-30T06:53:21.784+0000] {logging_mixin.py:188} INFO - [2023-12-30T06:53:21.784+0000] {dag.py:3033} INFO - Sync 1 DAGs
[2023-12-30T06:53:21.794+0000] {logging_mixin.py:188} INFO - [2023-12-30T06:53:21.794+0000] {dag.py:3820} INFO - Setting next_dagrun for to_neo4j to 2023-12-30T00:00:00+00:00, run_after=2023-12-31T00:00:00+00:00
[2023-12-30T06:53:21.802+0000] {processor.py:183} INFO - Processing /opt/airflow/dags/send_to_neo4j_dag.py took 0.289 seconds
[2023-12-30T06:53:52.283+0000] {processor.py:161} INFO - Started process (PID=4147) to work on /opt/airflow/dags/send_to_neo4j_dag.py
[2023-12-30T06:53:52.285+0000] {processor.py:830} INFO - Processing file /opt/airflow/dags/send_to_neo4j_dag.py for tasks to queue
[2023-12-30T06:53:52.286+0000] {logging_mixin.py:188} INFO - [2023-12-30T06:53:52.286+0000] {dagbag.py:538} INFO - Filling up the DagBag from /opt/airflow/dags/send_to_neo4j_dag.py
[2023-12-30T06:53:52.614+0000] {processor.py:840} INFO - DAG(s) 'to_neo4j' retrieved from /opt/airflow/dags/send_to_neo4j_dag.py
[2023-12-30T06:53:52.695+0000] {logging_mixin.py:188} INFO - [2023-12-30T06:53:52.695+0000] {dag.py:3033} INFO - Sync 1 DAGs
[2023-12-30T06:53:52.707+0000] {logging_mixin.py:188} INFO - [2023-12-30T06:53:52.707+0000] {dag.py:3820} INFO - Setting next_dagrun for to_neo4j to 2023-12-30T00:00:00+00:00, run_after=2023-12-31T00:00:00+00:00
[2023-12-30T06:53:52.716+0000] {processor.py:183} INFO - Processing /opt/airflow/dags/send_to_neo4j_dag.py took 0.438 seconds
[2023-12-30T06:54:23.278+0000] {processor.py:161} INFO - Started process (PID=4164) to work on /opt/airflow/dags/send_to_neo4j_dag.py
[2023-12-30T06:54:23.283+0000] {processor.py:830} INFO - Processing file /opt/airflow/dags/send_to_neo4j_dag.py for tasks to queue
[2023-12-30T06:54:23.285+0000] {logging_mixin.py:188} INFO - [2023-12-30T06:54:23.284+0000] {dagbag.py:538} INFO - Filling up the DagBag from /opt/airflow/dags/send_to_neo4j_dag.py
[2023-12-30T06:54:23.496+0000] {processor.py:840} INFO - DAG(s) 'to_neo4j' retrieved from /opt/airflow/dags/send_to_neo4j_dag.py
[2023-12-30T06:54:23.556+0000] {logging_mixin.py:188} INFO - [2023-12-30T06:54:23.556+0000] {dag.py:3033} INFO - Sync 1 DAGs
[2023-12-30T06:54:23.567+0000] {logging_mixin.py:188} INFO - [2023-12-30T06:54:23.567+0000] {dag.py:3820} INFO - Setting next_dagrun for to_neo4j to 2023-12-30T00:00:00+00:00, run_after=2023-12-31T00:00:00+00:00
[2023-12-30T06:54:23.577+0000] {processor.py:183} INFO - Processing /opt/airflow/dags/send_to_neo4j_dag.py took 0.333 seconds
[2023-12-30T06:54:54.316+0000] {processor.py:161} INFO - Started process (PID=4181) to work on /opt/airflow/dags/send_to_neo4j_dag.py
[2023-12-30T06:54:54.318+0000] {processor.py:830} INFO - Processing file /opt/airflow/dags/send_to_neo4j_dag.py for tasks to queue
[2023-12-30T06:54:54.324+0000] {logging_mixin.py:188} INFO - [2023-12-30T06:54:54.322+0000] {dagbag.py:538} INFO - Filling up the DagBag from /opt/airflow/dags/send_to_neo4j_dag.py
[2023-12-30T06:54:54.863+0000] {processor.py:840} INFO - DAG(s) 'to_neo4j' retrieved from /opt/airflow/dags/send_to_neo4j_dag.py
[2023-12-30T06:54:55.047+0000] {logging_mixin.py:188} INFO - [2023-12-30T06:54:55.046+0000] {dag.py:3033} INFO - Sync 1 DAGs
[2023-12-30T06:54:55.062+0000] {logging_mixin.py:188} INFO - [2023-12-30T06:54:55.062+0000] {dag.py:3820} INFO - Setting next_dagrun for to_neo4j to 2023-12-30T00:00:00+00:00, run_after=2023-12-31T00:00:00+00:00
[2023-12-30T06:54:55.083+0000] {processor.py:183} INFO - Processing /opt/airflow/dags/send_to_neo4j_dag.py took 0.778 seconds
[2023-12-30T06:55:25.601+0000] {processor.py:161} INFO - Started process (PID=4198) to work on /opt/airflow/dags/send_to_neo4j_dag.py
[2023-12-30T06:55:25.603+0000] {processor.py:830} INFO - Processing file /opt/airflow/dags/send_to_neo4j_dag.py for tasks to queue
[2023-12-30T06:55:25.605+0000] {logging_mixin.py:188} INFO - [2023-12-30T06:55:25.604+0000] {dagbag.py:538} INFO - Filling up the DagBag from /opt/airflow/dags/send_to_neo4j_dag.py
[2023-12-30T06:55:25.877+0000] {processor.py:840} INFO - DAG(s) 'to_neo4j' retrieved from /opt/airflow/dags/send_to_neo4j_dag.py
[2023-12-30T06:55:25.946+0000] {logging_mixin.py:188} INFO - [2023-12-30T06:55:25.946+0000] {dag.py:3033} INFO - Sync 1 DAGs
[2023-12-30T06:55:25.960+0000] {logging_mixin.py:188} INFO - [2023-12-30T06:55:25.960+0000] {dag.py:3820} INFO - Setting next_dagrun for to_neo4j to 2023-12-30T00:00:00+00:00, run_after=2023-12-31T00:00:00+00:00
[2023-12-30T06:55:25.971+0000] {processor.py:183} INFO - Processing /opt/airflow/dags/send_to_neo4j_dag.py took 0.380 seconds
[2023-12-30T06:55:56.397+0000] {processor.py:161} INFO - Started process (PID=4215) to work on /opt/airflow/dags/send_to_neo4j_dag.py
[2023-12-30T06:55:56.398+0000] {processor.py:830} INFO - Processing file /opt/airflow/dags/send_to_neo4j_dag.py for tasks to queue
[2023-12-30T06:55:56.399+0000] {logging_mixin.py:188} INFO - [2023-12-30T06:55:56.399+0000] {dagbag.py:538} INFO - Filling up the DagBag from /opt/airflow/dags/send_to_neo4j_dag.py
[2023-12-30T06:55:56.598+0000] {processor.py:840} INFO - DAG(s) 'to_neo4j' retrieved from /opt/airflow/dags/send_to_neo4j_dag.py
[2023-12-30T06:55:56.653+0000] {logging_mixin.py:188} INFO - [2023-12-30T06:55:56.652+0000] {dag.py:3033} INFO - Sync 1 DAGs
[2023-12-30T06:55:56.664+0000] {logging_mixin.py:188} INFO - [2023-12-30T06:55:56.663+0000] {dag.py:3820} INFO - Setting next_dagrun for to_neo4j to 2023-12-30T00:00:00+00:00, run_after=2023-12-31T00:00:00+00:00
[2023-12-30T06:55:56.675+0000] {processor.py:183} INFO - Processing /opt/airflow/dags/send_to_neo4j_dag.py took 0.283 seconds
[2023-12-30T06:56:27.121+0000] {processor.py:161} INFO - Started process (PID=4232) to work on /opt/airflow/dags/send_to_neo4j_dag.py
[2023-12-30T06:56:27.123+0000] {processor.py:830} INFO - Processing file /opt/airflow/dags/send_to_neo4j_dag.py for tasks to queue
[2023-12-30T06:56:27.124+0000] {logging_mixin.py:188} INFO - [2023-12-30T06:56:27.123+0000] {dagbag.py:538} INFO - Filling up the DagBag from /opt/airflow/dags/send_to_neo4j_dag.py
[2023-12-30T06:56:27.329+0000] {processor.py:840} INFO - DAG(s) 'to_neo4j' retrieved from /opt/airflow/dags/send_to_neo4j_dag.py
[2023-12-30T06:56:27.380+0000] {logging_mixin.py:188} INFO - [2023-12-30T06:56:27.380+0000] {dag.py:3033} INFO - Sync 1 DAGs
[2023-12-30T06:56:27.390+0000] {logging_mixin.py:188} INFO - [2023-12-30T06:56:27.390+0000] {dag.py:3820} INFO - Setting next_dagrun for to_neo4j to 2023-12-30T00:00:00+00:00, run_after=2023-12-31T00:00:00+00:00
[2023-12-30T06:56:27.399+0000] {processor.py:183} INFO - Processing /opt/airflow/dags/send_to_neo4j_dag.py took 0.282 seconds
[2023-12-30T06:56:57.803+0000] {processor.py:161} INFO - Started process (PID=4249) to work on /opt/airflow/dags/send_to_neo4j_dag.py
[2023-12-30T06:56:57.804+0000] {processor.py:830} INFO - Processing file /opt/airflow/dags/send_to_neo4j_dag.py for tasks to queue
[2023-12-30T06:56:57.805+0000] {logging_mixin.py:188} INFO - [2023-12-30T06:56:57.805+0000] {dagbag.py:538} INFO - Filling up the DagBag from /opt/airflow/dags/send_to_neo4j_dag.py
[2023-12-30T06:56:58.002+0000] {processor.py:840} INFO - DAG(s) 'to_neo4j' retrieved from /opt/airflow/dags/send_to_neo4j_dag.py
[2023-12-30T06:56:58.056+0000] {logging_mixin.py:188} INFO - [2023-12-30T06:56:58.056+0000] {dag.py:3033} INFO - Sync 1 DAGs
[2023-12-30T06:56:58.067+0000] {logging_mixin.py:188} INFO - [2023-12-30T06:56:58.067+0000] {dag.py:3820} INFO - Setting next_dagrun for to_neo4j to 2023-12-30T00:00:00+00:00, run_after=2023-12-31T00:00:00+00:00
[2023-12-30T06:56:58.079+0000] {processor.py:183} INFO - Processing /opt/airflow/dags/send_to_neo4j_dag.py took 0.278 seconds
[2023-12-30T06:57:28.503+0000] {processor.py:161} INFO - Started process (PID=4266) to work on /opt/airflow/dags/send_to_neo4j_dag.py
[2023-12-30T06:57:28.506+0000] {processor.py:830} INFO - Processing file /opt/airflow/dags/send_to_neo4j_dag.py for tasks to queue
[2023-12-30T06:57:28.507+0000] {logging_mixin.py:188} INFO - [2023-12-30T06:57:28.507+0000] {dagbag.py:538} INFO - Filling up the DagBag from /opt/airflow/dags/send_to_neo4j_dag.py
[2023-12-30T06:57:28.711+0000] {processor.py:840} INFO - DAG(s) 'to_neo4j' retrieved from /opt/airflow/dags/send_to_neo4j_dag.py
[2023-12-30T06:57:28.763+0000] {logging_mixin.py:188} INFO - [2023-12-30T06:57:28.763+0000] {dag.py:3033} INFO - Sync 1 DAGs
[2023-12-30T06:57:28.773+0000] {logging_mixin.py:188} INFO - [2023-12-30T06:57:28.773+0000] {dag.py:3820} INFO - Setting next_dagrun for to_neo4j to 2023-12-30T00:00:00+00:00, run_after=2023-12-31T00:00:00+00:00
[2023-12-30T06:57:28.783+0000] {processor.py:183} INFO - Processing /opt/airflow/dags/send_to_neo4j_dag.py took 0.285 seconds
[2023-12-30T06:57:59.135+0000] {processor.py:161} INFO - Started process (PID=4283) to work on /opt/airflow/dags/send_to_neo4j_dag.py
[2023-12-30T06:57:59.137+0000] {processor.py:830} INFO - Processing file /opt/airflow/dags/send_to_neo4j_dag.py for tasks to queue
[2023-12-30T06:57:59.138+0000] {logging_mixin.py:188} INFO - [2023-12-30T06:57:59.138+0000] {dagbag.py:538} INFO - Filling up the DagBag from /opt/airflow/dags/send_to_neo4j_dag.py
[2023-12-30T06:57:59.349+0000] {processor.py:840} INFO - DAG(s) 'to_neo4j' retrieved from /opt/airflow/dags/send_to_neo4j_dag.py
[2023-12-30T06:57:59.412+0000] {logging_mixin.py:188} INFO - [2023-12-30T06:57:59.412+0000] {dag.py:3033} INFO - Sync 1 DAGs
[2023-12-30T06:57:59.424+0000] {logging_mixin.py:188} INFO - [2023-12-30T06:57:59.424+0000] {dag.py:3820} INFO - Setting next_dagrun for to_neo4j to 2023-12-30T00:00:00+00:00, run_after=2023-12-31T00:00:00+00:00
[2023-12-30T06:57:59.437+0000] {processor.py:183} INFO - Processing /opt/airflow/dags/send_to_neo4j_dag.py took 0.305 seconds
